d:\crop\client\include\debug\crop.pch
d:\crop\client\include\debug\vc141.pdb
d:\crop\client\include\debug\vc141.idb
d:\crop\client\include\debug\stdafx.obj
d:\crop\client\include\debug\crop.obj
d:\crop\client\include\debug\crop.res
d:\crop\client\include\debug\crop.tlog\cl.command.1.tlog
d:\crop\client\include\debug\crop.tlog\cl.read.1.tlog
d:\crop\client\include\debug\crop.tlog\cl.write.1.tlog
d:\crop\client\include\debug\crop.tlog\link-cvtres.read.1.tlog
d:\crop\client\include\debug\crop.tlog\link-cvtres.write.1.tlog
d:\crop\client\include\debug\crop.tlog\link-rc.read.1.tlog
d:\crop\client\include\debug\crop.tlog\link-rc.write.1.tlog
d:\crop\client\include\debug\crop.tlog\link.14324-cvtres.read.1.tlog
d:\crop\client\include\debug\crop.tlog\link.14324-cvtres.write.1.tlog
d:\crop\client\include\debug\crop.tlog\link.14324-rc.read.1.tlog
d:\crop\client\include\debug\crop.tlog\link.14324-rc.write.1.tlog
d:\crop\client\include\debug\crop.tlog\link.14324.read.1.tlog
d:\crop\client\include\debug\crop.tlog\link.14324.write.1.tlog
d:\crop\client\include\debug\crop.tlog\link.command.1.tlog
d:\crop\client\include\debug\crop.tlog\link.read.1.tlog
d:\crop\client\include\debug\crop.tlog\link.write.1.tlog
d:\crop\client\include\debug\crop.tlog\rc.command.1.tlog
d:\crop\client\include\debug\crop.tlog\rc.read.1.tlog
d:\crop\client\include\debug\crop.tlog\rc.write.1.tlog
