  GraphicDevice.cpp
     ../Bin\System.lib 라이브러리 및 ../Bin\System.exp 개체를 생성하고 있습니다.
  System.vcxproj -> D:\Crop\Engine\System\Include\../Bin\System.dll
  .\Engine\System\Bin\System.dll
  1개 파일이 복사되었습니다.
  .\Engine\System\Bin\System.lib
  1개 파일이 복사되었습니다.
  파일을 찾을 수 없습니다-System.dll
  0개 파일이 복사되었습니다.
  파일을 찾을 수 없습니다-System.lib
  0개 파일이 복사되었습니다.
  .\Engine\Headers\Engine_Exports.h
  .\Engine\Headers\Engine_Function.h
  .\Engine\Headers\Engine_Include.h
  .\Engine\Headers\Engine_Macro.h
  .\Engine\Headers\Exports_System.h
  .\Engine\Headers\Exports_Utility.h
  6개 파일이 복사되었습니다.
  파일을 찾을 수 없습니다-*.inl
  0개 파일이 복사되었습니다.
